#
# There is insufficient memory for the Java Runtime Environment to continue.
# Native memory allocation (mmap) failed to map 264241152 bytes for G1 virtual space
# Possible reasons:
#   The system is out of physical RAM or swap space
#   The process is running with CompressedOops enabled, and the Java Heap may be blocking the growth of the native heap
# Possible solutions:
#   Reduce memory load on the system
#   Increase physical memory or swap space
#   Check if swap backing store is full
#   Decrease Java heap size (-Xmx/-Xms)
#   Decrease number of Java threads
#   Decrease Java thread stack sizes (-Xss)
#   Set larger code cache with -XX:ReservedCodeCacheSize=
#   JVM is running with Zero Based Compressed Oops mode in which the Java heap is
#     placed in the first 32GB address space. The Java Heap base address is the
#     maximum limit for the native heap growth. Please use -XX:HeapBaseMinAddress
#     to set the Java Heap base and to place the Java Heap above 32GB virtual address.
# This output file may be truncated or incomplete.
#
#  Out of Memory Error (os_windows.cpp:3600), pid=25652, tid=9388
#
# JRE version:  (21.0.1+12) (build )
# Java VM: Java HotSpot(TM) 64-Bit Server VM (21.0.1+12-LTS-29, mixed mode, sharing, tiered, compressed oops, compressed class ptrs, g1 gc, windows-amd64)
# No core dump will be written. Minidumps are not enabled by default on client versions of Windows
#

---------------  S U M M A R Y ------------

Command Line: -Dfile.encoding=UTF-8 -Dstdout.encoding=UTF-8 -Dstderr.encoding=UTF-8 --module-path=C:\Users\David\eclipse-workspace\biteLiteDentalClinic\bin -XX:+ShowCodeDetailsInExceptionMessages -Djdk.module.main=biteLiteDentalClinic biteLiteDentalClinic/main.Main

Host: 12th Gen Intel(R) Core(TM) i5-12500H, 16 cores, 15G,  Windows 11 , 64 bit Build 22621 (10.0.22621.2506)
Time: Thu Jan 11 04:52:13 2024 Malay Peninsula Standard Time elapsed time: 0.016837 seconds (0d 0h 0m 0s)

---------------  T H R E A D  ---------------

Current thread (0x0000020490a63880):  JavaThread "Unknown thread" [_thread_in_vm, id=9388, stack(0x0000000db3e00000,0x0000000db3f00000) (1024K)]

Stack: [0x0000000db3e00000,0x0000000db3f00000]
Native frames: (J=compiled Java code, j=interpreted, Vv=VM code, C=native code)
V  [jvm.dll+0x6c9029]
V  [jvm.dll+0x854b81]
V  [jvm.dll+0x856e5e]
V  [jvm.dll+0x857543]
V  [jvm.dll+0x280c06]
V  [jvm.dll+0x6c5715]
V  [jvm.dll+0x6ba10a]
V  [jvm.dll+0x3557ea]
V  [jvm.dll+0x35d436]
V  [jvm.dll+0x3ae1be]
V  [jvm.dll+0x3ae468]
V  [jvm.dll+0x3291fc]
V  [jvm.dll+0x329d8b]
V  [jvm.dll+0x81d179]
V  [jvm.dll+0x3bb4f1]
V  [jvm.dll+0x805ae8]
V  [jvm.dll+0x44effe]
V  [jvm.dll+0x450901]
C  [jli.dll+0x52a3]
C  [ucrtbase.dll+0x29363]
C  [KERNEL32.DLL+0x1257d]
C  [ntdll.dll+0x5aa58]


---------------  P R O C E S S  ---------------

Threads class SMR info:
_java_thread_list=0x00007ffbff159b88, length=0, elements={
}

Java Threads: ( => current thread )
Total: 0

Other Threads:
  0x0000020490ac3930 WorkerThread "GC Thread#0"                     [id=45676, stack(0x0000000db3f00000,0x0000000db4000000) (1024K)]
  0x0000020490ad4ca0 ConcurrentGCThread "G1 Main Marker"            [id=46060, stack(0x0000000db4000000,0x0000000db4100000) (1024K)]
  0x0000020490ad57a0 WorkerThread "G1 Conc#0"                       [id=28024, stack(0x0000000db4100000,0x0000000db4200000) (1024K)]

[error occurred during error reporting (printing all threads), id 0xc0000005, EXCEPTION_ACCESS_VIOLATION (0xc0000005) at pc=0x00007ffbfe8cc2c7]
VM state: not at safepoint (not fully initialized)

VM Mutex/Monitor currently owned by a thread:  ([mutex/lock_event])
[0x00007ffbff1ca6f8] Heap_lock - owner thread: 0x0000020490a63880

Heap address: 0x0000000704800000, size: 4024 MB, Compressed Oops mode: Zero based, Oop shift amount: 3

CDS archive(s) mapped at: [0x0000000000000000-0x0000000000000000-0x0000000000000000), size 0, SharedBaseAddress: 0x0000000800000000, ArchiveRelocationMode: 1.
Narrow klass base: 0x0000000000000000, Narrow klass shift: 0, Narrow klass range: 0x0

GC Precious Log:
 CardTable entry size: 512
 Card Set container configuration: InlinePtr #cards 4 size 8 Array Of Cards #cards 16 size 48 Howl #buckets 8 coarsen threshold 3686 Howl Bitmap #cards 512 size 80 coarsen threshold 460 Card regions per heap region 1 cards per card region 4096

Heap:
 garbage-first heap   total 0K, used 0K [0x0000000704800000, 0x0000000800000000)
  region size 2048K, 0 young (0K), 0 survivors (0K)

[error occurred during error reporting (printing heap information), id 0xc0000005, EXCEPTION_ACCESS_VIOLATION (0xc0000005) at pc=0x00007ffbfecb1be9]
GC Heap History (0 events):
No events

Dll operation events (1 events):
Event: 0.009 Loaded shared library C:\Program Files\Java\jdk-21\bin\java.dll

Deoptimization events (0 events):
No events

Classes loaded (0 events):
No events

Classes unloaded (0 events):
No events

Classes redefined (0 events):
No events

Internal exceptions (0 events):
No events

ZGC Phase Switch (0 events):
No events

VM Operations (0 events):
No events

Events (0 events):
No events


Dynamic libraries:
0x00007ff7cd280000 - 0x00007ff7cd290000 	C:\Program Files\Java\jdk-21\bin\javaw.exe
0x00007ffccc4d0000 - 0x00007ffccc6e7000 	C:\Windows\SYSTEM32\ntdll.dll
0x00007ffccb730000 - 0x00007ffccb7f4000 	C:\Windows\System32\KERNEL32.DLL
0x00007ffcc9c10000 - 0x00007ffcc9fb6000 	C:\Windows\System32\KERNELBASE.dll
0x00007ffcc9840000 - 0x00007ffcc9951000 	C:\Windows\System32\ucrtbase.dll
0x00007ffca9010000 - 0x00007ffca9029000 	C:\Program Files\Java\jdk-21\bin\jli.dll
0x00007ffccb420000 - 0x00007ffccb4d1000 	C:\Windows\System32\ADVAPI32.dll
0x00007ffca8350000 - 0x00007ffca836b000 	C:\Program Files\Java\jdk-21\bin\VCRUNTIME140.dll
0x00007ffccab70000 - 0x00007ffccac17000 	C:\Windows\System32\msvcrt.dll
0x00007ffccb360000 - 0x00007ffccb405000 	C:\Windows\System32\sechost.dll
0x00007ffccb590000 - 0x00007ffccb6a7000 	C:\Windows\System32\RPCRT4.dll
0x00007ffccb1b0000 - 0x00007ffccb35e000 	C:\Windows\System32\USER32.dll
0x00007ffcc9be0000 - 0x00007ffcc9c06000 	C:\Windows\System32\win32u.dll
0x00007ffccc1a0000 - 0x00007ffccc1c9000 	C:\Windows\System32\GDI32.dll
0x00007ffcc9960000 - 0x00007ffcc9a78000 	C:\Windows\System32\gdi32full.dll
0x00007ffcade40000 - 0x00007ffcae0d3000 	C:\Windows\WinSxS\amd64_microsoft.windows.common-controls_6595b64144ccf1df_6.0.22621.2506_none_270c5ae97388e100\COMCTL32.dll
0x00007ffcc9a80000 - 0x00007ffcc9b1a000 	C:\Windows\System32\msvcp_win.dll
0x00007ffcbdfb0000 - 0x00007ffcbdfba000 	C:\Windows\SYSTEM32\VERSION.dll
0x00007ffccc160000 - 0x00007ffccc191000 	C:\Windows\System32\IMM32.DLL
0x00007ffcb63d0000 - 0x00007ffcb63dc000 	C:\Program Files\Java\jdk-21\bin\vcruntime140_1.dll
0x00007ffc7f7b0000 - 0x00007ffc7f83e000 	C:\Program Files\Java\jdk-21\bin\msvcp140.dll
0x00007ffbfe590000 - 0x00007ffbff2a5000 	C:\Program Files\Java\jdk-21\bin\server\jvm.dll
0x00007ffccb130000 - 0x00007ffccb1a1000 	C:\Windows\System32\WS2_32.dll
0x00007ffcc8670000 - 0x00007ffcc86bd000 	C:\Windows\SYSTEM32\POWRPROF.dll
0x00007ffcbe690000 - 0x00007ffcbe6c4000 	C:\Windows\SYSTEM32\WINMM.dll
0x00007ffcc8650000 - 0x00007ffcc8663000 	C:\Windows\SYSTEM32\UMPDC.dll
0x00007ffcc8890000 - 0x00007ffcc88a8000 	C:\Windows\SYSTEM32\kernel.appcore.dll
0x00007ffcc3a90000 - 0x00007ffcc3a9a000 	C:\Program Files\Java\jdk-21\bin\jimage.dll
0x00007ffcc6b60000 - 0x00007ffcc6d93000 	C:\Windows\SYSTEM32\DBGHELP.DLL
0x00007ffccada0000 - 0x00007ffccb129000 	C:\Windows\System32\combase.dll
0x00007ffccac30000 - 0x00007ffccad07000 	C:\Windows\System32\OLEAUT32.dll
0x00007ffcb6740000 - 0x00007ffcb6772000 	C:\Windows\SYSTEM32\dbgcore.DLL
0x00007ffcc9fc0000 - 0x00007ffcca03a000 	C:\Windows\System32\bcryptPrimitives.dll
0x00007ffcb6cb0000 - 0x00007ffcb6ccf000 	C:\Program Files\Java\jdk-21\bin\java.dll

dbghelp: loaded successfully - version: 4.0.5 - missing functions: none
symbol engine: initialized successfully - sym options: 0x614 - pdb path: .;C:\Program Files\Java\jdk-21\bin;C:\Windows\SYSTEM32;C:\Windows\WinSxS\amd64_microsoft.windows.common-controls_6595b64144ccf1df_6.0.22621.2506_none_270c5ae97388e100;C:\Program Files\Java\jdk-21\bin\server

VM Arguments:
jvm_args: -Dfile.encoding=UTF-8 -Dstdout.encoding=UTF-8 -Dstderr.encoding=UTF-8 --module-path=C:\Users\David\eclipse-workspace\biteLiteDentalClinic\bin -XX:+ShowCodeDetailsInExceptionMessages -Djdk.module.main=biteLiteDentalClinic 
java_command: biteLiteDentalClinic/main.Main
java_class_path (initial): <not set>
Launcher Type: SUN_STANDARD

[Global flags]
     intx CICompilerCount                          = 12                                        {product} {ergonomic}
     uint ConcGCThreads                            = 3                                         {product} {ergonomic}
     uint G1ConcRefinementThreads                  = 13                                        {product} {ergonomic}
   size_t G1HeapRegionSize                         = 2097152                                   {product} {ergonomic}
    uintx GCDrainStackTargetSize                   = 64                                        {product} {ergonomic}
   size_t InitialHeapSize                          = 264241152                                 {product} {ergonomic}
   size_t MarkStackSize                            = 4194304                                   {product} {ergonomic}
   size_t MaxHeapSize                              = 4219469824                                {product} {ergonomic}
   size_t MinHeapDeltaBytes                        = 2097152                                   {product} {ergonomic}
   size_t MinHeapSize                              = 8388608                                   {product} {ergonomic}
    uintx NonNMethodCodeHeapSize                   = 7602480                                {pd product} {ergonomic}
    uintx NonProfiledCodeHeapSize                  = 122027880                              {pd product} {ergonomic}
    uintx ProfiledCodeHeapSize                     = 122027880                              {pd product} {ergonomic}
    uintx ReservedCodeCacheSize                    = 251658240                              {pd product} {ergonomic}
     bool SegmentedCodeCache                       = true                                      {product} {ergonomic}
     bool ShowCodeDetailsInExceptionMessages       = true                                   {manageable} {command line}
   size_t SoftMaxHeapSize                          = 4219469824                             {manageable} {ergonomic}
     bool UseCompressedOops                        = true                           {product lp64_product} {ergonomic}
     bool UseG1GC                                  = true                                      {product} {ergonomic}
     bool UseLargePagesIndividualAllocation        = false                                  {pd product} {ergonomic}

Logging:
Log output configuration:
 #0: stdout all=warning uptime,level,tags foldmultilines=false
 #1: stderr all=off uptime,level,tags foldmultilines=false

Environment Variables:
JAVA_HOME=C:\Program Files\Java\jdk-21
PATH=C:/Program Files/Java/jdk-21/bin/server;C:/Program Files/Java/jdk-21/bin;C:\Program Files\Common Files\Oracle\Java\javapath;C:\Windows\system32;C:\Windows;C:\Windows\System32\Wbem;C:\Windows\System32\WindowsPowerShell\v1.0\;C:\Windows\System32\OpenSSH\;C:\Program Files (x86)\NVIDIA Corporation\PhysX\Common;C:\Program Files\NVIDIA Corporation\NVIDIA NvDLISR;C:\Program Files\Java\jdk-21\bin;C:\Program Files\Common Files\Oracle\Java\javapath;C:\Program Files\Calibre2\;C:\Users\David\AppData\Local\Microsoft\WindowsApps;;C:\Users\David\Desktop;
USERNAME=David
OS=Windows_NT
PROCESSOR_IDENTIFIER=Intel64 Family 6 Model 154 Stepping 3, GenuineIntel
TMP=C:\Users\David\AppData\Local\Temp
TEMP=C:\Users\David\AppData\Local\Temp




Periodic native trim disabled

---------------  S Y S T E M  ---------------

OS:
 Windows 11 , 64 bit Build 22621 (10.0.22621.2506)
OS uptime: 23 days 5:40 hours
Hyper-V role detected

CPU: total 16 (initial active 16) (8 cores per cpu, 2 threads per core) family 6 model 154 stepping 3 microcode 0x423, cx8, cmov, fxsr, ht, mmx, 3dnowpref, sse, sse2, sse3, ssse3, sse4.1, sse4.2, popcnt, lzcnt, tsc, tscinvbit, avx, avx2, aes, erms, clmul, bmi1, bmi2, adx, sha, fma, vzeroupper, clflush, clflushopt, clwb, hv, serialize, rdtscp, rdpid, fsrm, f16c, cet_ibt, cet_ss
Processor Information for processor 0
  Max Mhz: 3100, Current Mhz: 3100, Mhz Limit: 3100
Processor Information for processor 1
  Max Mhz: 3100, Current Mhz: 3100, Mhz Limit: 3100
Processor Information for processor 2
  Max Mhz: 3100, Current Mhz: 3100, Mhz Limit: 3100
Processor Information for processor 3
  Max Mhz: 3100, Current Mhz: 3100, Mhz Limit: 3100
Processor Information for processor 4
  Max Mhz: 3100, Current Mhz: 3100, Mhz Limit: 3100
Processor Information for processor 5
  Max Mhz: 3100, Current Mhz: 3100, Mhz Limit: 3100
Processor Information for processor 6
  Max Mhz: 3100, Current Mhz: 1500, Mhz Limit: 3100
Processor Information for processor 7
  Max Mhz: 3100, Current Mhz: 1500, Mhz Limit: 3100
Processor Information for processor 8
  Max Mhz: 3100, Current Mhz: 2232, Mhz Limit: 2232
Processor Information for processor 9
  Max Mhz: 3100, Current Mhz: 1488, Mhz Limit: 2232
Processor Information for processor 10
  Max Mhz: 3100, Current Mhz: 1488, Mhz Limit: 2232
Processor Information for processor 11
  Max Mhz: 3100, Current Mhz: 1488, Mhz Limit: 2232
Processor Information for processor 12
  Max Mhz: 3100, Current Mhz: 1488, Mhz Limit: 2232
Processor Information for processor 13
  Max Mhz: 3100, Current Mhz: 1488, Mhz Limit: 2232
Processor Information for processor 14
  Max Mhz: 3100, Current Mhz: 1488, Mhz Limit: 2232
Processor Information for processor 15
  Max Mhz: 3100, Current Mhz: 1488, Mhz Limit: 2232

Memory: 4k page, system-wide physical 16088M (1048M free)
TotalPageFile size 65240M (AvailPageFile size 235M)
current process WorkingSet (physical memory assigned to process): 12M, peak: 12M
current process commit charge ("private bytes"): 71M, peak: 322M

vm_info: Java HotSpot(TM) 64-Bit Server VM (21.0.1+12-LTS-29) for windows-amd64 JRE (21.0.1+12-LTS-29), built on 2023-10-05T13:27:09Z by "mach5one" with MS VC++ 17.1 (VS2022)

END.
